<?xml version="1.0" encoding="UTF-8"?>
<coverage generated="1537463518279" clover="3.2.0">
  <project timestamp="1537463518279" name="All files">
    <metrics statements="24" coveredstatements="17" conditionals="14" coveredconditionals="7" methods="4" coveredmethods="3" elements="42" coveredelements="27" complexity="0" loc="24" ncloc="24" packages="5" files="6" classes="6">
      <package name="src">
        <metrics statements="4" coveredstatements="0" conditionals="4" coveredconditionals="0" methods="1" coveredmethods="0"/>
        <file name=".eslintrc.js" path="/Users/matt-wood/code/hoc-toolbox/src/.eslintrc.js">
          <metrics statements="1" coveredstatements="0" conditionals="0" coveredconditionals="0" methods="0" coveredmethods="0"/>
          <line num="1" count="0" type="stmt"/>
        </file>
        <file name="index.js" path="/Users/matt-wood/code/hoc-toolbox/src/index.js">
          <metrics statements="3" coveredstatements="0" conditionals="4" coveredconditionals="0" methods="1" coveredmethods="0"/>
          <line num="1" count="0" type="stmt"/>
          <line num="2" count="0" type="cond" truecount="0" falsecount="4"/>
          <line num="4" count="0" type="stmt"/>
        </file>
      </package>
      <package name="src.components">
        <metrics statements="1" coveredstatements="0" conditionals="0" coveredconditionals="0" methods="0" coveredmethods="0"/>
        <file name="data.js" path="/Users/matt-wood/code/hoc-toolbox/src/components/data.js">
          <metrics statements="1" coveredstatements="0" conditionals="0" coveredconditionals="0" methods="0" coveredmethods="0"/>
          <line num="1" count="0" type="stmt"/>
        </file>
      </package>
      <package name="src.components.Filter">
        <metrics statements="11" coveredstatements="9" conditionals="6" coveredconditionals="3" methods="2" coveredmethods="2"/>
        <file name="index.js" path="/Users/matt-wood/code/hoc-toolbox/src/components/Filter/index.js">
          <metrics statements="11" coveredstatements="9" conditionals="6" coveredconditionals="3" methods="2" coveredmethods="2"/>
          <line num="4" count="1" type="stmt"/>
          <line num="5" count="2" type="stmt"/>
          <line num="7" count="2" type="cond" truecount="1" falsecount="1"/>
          <line num="8" count="0" type="stmt"/>
          <line num="11" count="2" type="cond" truecount="2" falsecount="2"/>
          <line num="12" count="0" type="stmt"/>
          <line num="15" count="2" type="stmt"/>
          <line num="16" count="6" type="stmt"/>
          <line num="17" count="6" type="stmt"/>
          <line num="26" count="2" type="stmt"/>
          <line num="33" count="1" type="stmt"/>
        </file>
      </package>
      <package name="src.components.If">
        <metrics statements="8" coveredstatements="8" conditionals="4" coveredconditionals="4" methods="1" coveredmethods="1"/>
        <file name="index.js" path="/Users/matt-wood/code/hoc-toolbox/src/components/If/index.js">
          <metrics statements="8" coveredstatements="8" conditionals="4" coveredconditionals="4" methods="1" coveredmethods="1"/>
          <line num="4" count="1" type="stmt"/>
          <line num="5" count="3" type="stmt"/>
          <line num="6" count="3" type="cond" truecount="2" falsecount="0"/>
          <line num="7" count="1" type="stmt"/>
          <line num="10" count="3" type="cond" truecount="2" falsecount="0"/>
          <line num="11" count="1" type="stmt"/>
          <line num="18" count="2" type="stmt"/>
          <line num="21" count="1" type="stmt"/>
        </file>
      </package>
      <package name="src.components.utils">
        <metrics statements="0" coveredstatements="0" conditionals="0" coveredconditionals="0" methods="0" coveredmethods="0"/>
        <file name="DataTable.js" path="/Users/matt-wood/code/hoc-toolbox/src/components/utils/DataTable.js">
          <metrics statements="0" coveredstatements="0" conditionals="0" coveredconditionals="0" methods="0" coveredmethods="0"/>
        </file>
      </package>
    </metrics>
  </project>
</coverage>
