{"/Users/matt-wood/code/hoc-toolbox/src/.eslintrc.js": {"path":"/Users/matt-wood/code/hoc-toolbox/src/.eslintrc.js","statementMap":{"0":{"start":{"line":1,"column":13},"end":{"line":102,"column":16}}},"fnMap":{},"branchMap":{},"s":{"0":0},"f":{},"b":{}}
,"/Users/matt-wood/code/hoc-toolbox/src/index.js": {"path":"/Users/matt-wood/code/hoc-toolbox/src/index.js","statementMap":{"0":{"start":{"line":1,"column":13},"end":{"line":1,"column":75}},"1":{"start":{"line":1,"column":75},"end":{"line":1,"column":115}},"2":{"start":{"line":1,"column":129},"end":{"line":1,"column":159}},"3":{"start":{"line":1,"column":175},"end":{"line":1,"column":206}},"4":{"start":{"line":2,"column":10},"end":{"line":2,"column":36}},"5":{"start":{"line":2,"column":48},"end":{"line":2,"column":75}},"6":{"start":{"line":2,"column":114},"end":{"line":2,"column":168}},"7":{"start":{"line":2,"column":169},"end":{"line":4,"column":26}},"8":{"start":{"line":4,"column":26},"end":{"line":4,"column":52}}},"fnMap":{"0":{"name":"_interopRequireDefault","decl":{"start":{"line":2,"column":85},"end":{"line":2,"column":107}},"loc":{"start":{"line":2,"column":113},"end":{"line":2,"column":169}},"line":2}},"branchMap":{"0":{"loc":{"start":{"line":2,"column":121},"end":{"line":2,"column":167}},"type":"cond-expr","locations":[{"start":{"line":2,"column":145},"end":{"line":2,"column":148}},{"start":{"line":2,"column":151},"end":{"line":2,"column":167}}],"line":2},"1":{"loc":{"start":{"line":2,"column":121},"end":{"line":2,"column":142}},"type":"binary-expr","locations":[{"start":{"line":2,"column":121},"end":{"line":2,"column":124}},{"start":{"line":2,"column":128},"end":{"line":2,"column":142}}],"line":2}},"s":{"0":0,"1":0,"2":0,"3":0,"4":0,"5":0,"6":0,"7":0,"8":0},"f":{"0":0},"b":{"0":[0,0],"1":[0,0]}}
,"/Users/matt-wood/code/hoc-toolbox/src/components/data.js": {"path":"/Users/matt-wood/code/hoc-toolbox/src/components/data.js","statementMap":{"0":{"start":{"line":1,"column":13},"end":{"line":1,"column":75}},"1":{"start":{"line":1,"column":75},"end":{"line":14,"column":24}}},"fnMap":{},"branchMap":{},"s":{"0":0,"1":0},"f":{},"b":{}}
,"/Users/matt-wood/code/hoc-toolbox/src/components/Filter/index.js": {"path":"/Users/matt-wood/code/hoc-toolbox/src/components/Filter/index.js","statementMap":{"0":{"start":{"line":4,"column":15},"end":{"line":31,"column":1}},"1":{"start":{"line":5,"column":27},"end":{"line":5,"column":32}},"2":{"start":{"line":7,"column":2},"end":{"line":9,"column":3}},"3":{"start":{"line":8,"column":4},"end":{"line":8,"column":62}},"4":{"start":{"line":11,"column":2},"end":{"line":13,"column":3}},"5":{"start":{"line":12,"column":4},"end":{"line":12,"column":81}},"6":{"start":{"line":15,"column":23},"end":{"line":22,"column":4}},"7":{"start":{"line":16,"column":21},"end":{"line":16,"column":55}},"8":{"start":{"line":17,"column":4},"end":{"line":17,"column":50}},"9":{"start":{"line":26,"column":2},"end":{"line":30,"column":3}},"10":{"start":{"line":33,"column":0},"end":{"line":38,"column":1}}},"fnMap":{"0":{"name":"(anonymous_0)","decl":{"start":{"line":4,"column":15},"end":{"line":4,"column":16}},"loc":{"start":{"line":4,"column":26},"end":{"line":31,"column":1}},"line":4},"1":{"name":"(anonymous_1)","decl":{"start":{"line":15,"column":35},"end":{"line":15,"column":36}},"loc":{"start":{"line":15,"column":45},"end":{"line":22,"column":3}},"line":15}},"branchMap":{"0":{"loc":{"start":{"line":7,"column":2},"end":{"line":9,"column":3}},"type":"if","locations":[{"start":{"line":7,"column":2},"end":{"line":9,"column":3}},{"start":{"line":7,"column":2},"end":{"line":9,"column":3}}],"line":7},"1":{"loc":{"start":{"line":11,"column":2},"end":{"line":13,"column":3}},"type":"if","locations":[{"start":{"line":11,"column":2},"end":{"line":13,"column":3}},{"start":{"line":11,"column":2},"end":{"line":13,"column":3}}],"line":11},"2":{"loc":{"start":{"line":11,"column":6},"end":{"line":11,"column":62}},"type":"binary-expr","locations":[{"start":{"line":11,"column":6},"end":{"line":11,"column":32}},{"start":{"line":11,"column":36},"end":{"line":11,"column":62}}],"line":11}},"s":{"0":1,"1":2,"2":2,"3":0,"4":2,"5":0,"6":2,"7":6,"8":6,"9":2,"10":1},"f":{"0":2,"1":6},"b":{"0":[0,2],"1":[0,2],"2":[2,0]},"_coverageSchema":"332fd63041d2c1bcb487cc26dd0d5f7d97098a6c","hash":"cb1b3ee14368b11fdd1c799a1155d338481cc9d0"}
,"/Users/matt-wood/code/hoc-toolbox/src/components/If/index.js": {"path":"/Users/matt-wood/code/hoc-toolbox/src/components/If/index.js","statementMap":{"0":{"start":{"line":4,"column":11},"end":{"line":19,"column":1}},"1":{"start":{"line":5,"column":34},"end":{"line":5,"column":39}},"2":{"start":{"line":6,"column":2},"end":{"line":8,"column":3}},"3":{"start":{"line":7,"column":4},"end":{"line":7,"column":78}},"4":{"start":{"line":10,"column":2},"end":{"line":16,"column":3}},"5":{"start":{"line":11,"column":4},"end":{"line":15,"column":6}},"6":{"start":{"line":18,"column":2},"end":{"line":18,"column":14}},"7":{"start":{"line":21,"column":0},"end":{"line":24,"column":1}}},"fnMap":{"0":{"name":"(anonymous_0)","decl":{"start":{"line":4,"column":11},"end":{"line":4,"column":12}},"loc":{"start":{"line":4,"column":22},"end":{"line":19,"column":1}},"line":4}},"branchMap":{"0":{"loc":{"start":{"line":6,"column":2},"end":{"line":8,"column":3}},"type":"if","locations":[{"start":{"line":6,"column":2},"end":{"line":8,"column":3}},{"start":{"line":6,"column":2},"end":{"line":8,"column":3}}],"line":6},"1":{"loc":{"start":{"line":10,"column":2},"end":{"line":16,"column":3}},"type":"if","locations":[{"start":{"line":10,"column":2},"end":{"line":16,"column":3}},{"start":{"line":10,"column":2},"end":{"line":16,"column":3}}],"line":10}},"s":{"0":1,"1":3,"2":3,"3":1,"4":3,"5":1,"6":2,"7":1},"f":{"0":3},"b":{"0":[1,2],"1":[1,2]},"_coverageSchema":"332fd63041d2c1bcb487cc26dd0d5f7d97098a6c","hash":"885a9f5c936693548110f0c51a722da390d4611f"}
,"/Users/matt-wood/code/hoc-toolbox/src/components/utils/DataTable.js": {"path":"/Users/matt-wood/code/hoc-toolbox/src/components/utils/DataTable.js","statementMap":{},"fnMap":{},"branchMap":{},"s":{},"f":{},"b":{}}
}
