{"/Users/matt-wood/code/hoc-toolbox/src/components/Filter/index.js": {"path":"/Users/matt-wood/code/hoc-toolbox/src/components/Filter/index.js","statementMap":{"0":{"start":{"line":4,"column":15},"end":{"line":31,"column":1}},"1":{"start":{"line":5,"column":27},"end":{"line":5,"column":32}},"2":{"start":{"line":7,"column":2},"end":{"line":10,"column":3}},"3":{"start":{"line":8,"column":4},"end":{"line":8,"column":56}},"4":{"start":{"line":9,"column":4},"end":{"line":9,"column":62}},"5":{"start":{"line":12,"column":2},"end":{"line":15,"column":3}},"6":{"start":{"line":13,"column":4},"end":{"line":13,"column":75}},"7":{"start":{"line":14,"column":4},"end":{"line":14,"column":81}},"8":{"start":{"line":17,"column":23},"end":{"line":24,"column":4}},"9":{"start":{"line":18,"column":21},"end":{"line":18,"column":55}},"10":{"start":{"line":19,"column":4},"end":{"line":19,"column":50}},"11":{"start":{"line":26,"column":2},"end":{"line":30,"column":3}},"12":{"start":{"line":33,"column":0},"end":{"line":38,"column":1}}},"fnMap":{"0":{"name":"(anonymous_0)","decl":{"start":{"line":4,"column":15},"end":{"line":4,"column":16}},"loc":{"start":{"line":4,"column":26},"end":{"line":31,"column":1}},"line":4},"1":{"name":"(anonymous_1)","decl":{"start":{"line":17,"column":35},"end":{"line":17,"column":36}},"loc":{"start":{"line":17,"column":45},"end":{"line":24,"column":3}},"line":17}},"branchMap":{"0":{"loc":{"start":{"line":7,"column":2},"end":{"line":10,"column":3}},"type":"if","locations":[{"start":{"line":7,"column":2},"end":{"line":10,"column":3}},{"start":{"line":7,"column":2},"end":{"line":10,"column":3}}],"line":7},"1":{"loc":{"start":{"line":12,"column":2},"end":{"line":15,"column":3}},"type":"if","locations":[{"start":{"line":12,"column":2},"end":{"line":15,"column":3}},{"start":{"line":12,"column":2},"end":{"line":15,"column":3}}],"line":12},"2":{"loc":{"start":{"line":12,"column":6},"end":{"line":12,"column":62}},"type":"binary-expr","locations":[{"start":{"line":12,"column":6},"end":{"line":12,"column":32}},{"start":{"line":12,"column":36},"end":{"line":12,"column":62}}],"line":12}},"s":{"0":1,"1":6,"2":6,"3":2,"4":2,"5":4,"6":2,"7":2,"8":2,"9":6,"10":6,"11":2,"12":1},"f":{"0":6,"1":6},"b":{"0":[2,4],"1":[2,2],"2":[4,2]},"_coverageSchema":"332fd63041d2c1bcb487cc26dd0d5f7d97098a6c","hash":"062460504f97d09cc7aefb4740c77b2de27b2a4a"}
,"/Users/matt-wood/code/hoc-toolbox/src/components/If/index.js": {"path":"/Users/matt-wood/code/hoc-toolbox/src/components/If/index.js","statementMap":{"0":{"start":{"line":4,"column":11},"end":{"line":19,"column":1}},"1":{"start":{"line":5,"column":34},"end":{"line":5,"column":39}},"2":{"start":{"line":6,"column":2},"end":{"line":8,"column":3}},"3":{"start":{"line":7,"column":4},"end":{"line":7,"column":78}},"4":{"start":{"line":10,"column":2},"end":{"line":16,"column":3}},"5":{"start":{"line":11,"column":4},"end":{"line":15,"column":6}},"6":{"start":{"line":18,"column":2},"end":{"line":18,"column":14}},"7":{"start":{"line":21,"column":0},"end":{"line":24,"column":1}}},"fnMap":{"0":{"name":"(anonymous_0)","decl":{"start":{"line":4,"column":11},"end":{"line":4,"column":12}},"loc":{"start":{"line":4,"column":22},"end":{"line":19,"column":1}},"line":4}},"branchMap":{"0":{"loc":{"start":{"line":6,"column":2},"end":{"line":8,"column":3}},"type":"if","locations":[{"start":{"line":6,"column":2},"end":{"line":8,"column":3}},{"start":{"line":6,"column":2},"end":{"line":8,"column":3}}],"line":6},"1":{"loc":{"start":{"line":10,"column":2},"end":{"line":16,"column":3}},"type":"if","locations":[{"start":{"line":10,"column":2},"end":{"line":16,"column":3}},{"start":{"line":10,"column":2},"end":{"line":16,"column":3}}],"line":10}},"s":{"0":1,"1":3,"2":3,"3":1,"4":3,"5":1,"6":2,"7":1},"f":{"0":3},"b":{"0":[1,2],"1":[1,2]},"_coverageSchema":"332fd63041d2c1bcb487cc26dd0d5f7d97098a6c","hash":"885a9f5c936693548110f0c51a722da390d4611f"}
}
