TN:
SF:/Users/matt-wood/code/hoc-toolbox/src/.eslintrc.js
FNF:0
FNH:0
DA:1,0
LF:1
LH:0
BRF:0
BRH:0
end_of_record
TN:
SF:/Users/matt-wood/code/hoc-toolbox/src/index.js
FN:2,_interopRequireDefault
FNF:1
FNH:0
FNDA:0,_interopRequireDefault
DA:1,0
DA:2,0
DA:4,0
LF:3
LH:0
BRDA:2,0,0,0
BRDA:2,0,1,0
BRDA:2,1,0,0
BRDA:2,1,1,0
BRF:4
BRH:0
end_of_record
TN:
SF:/Users/matt-wood/code/hoc-toolbox/src/components/data.js
FNF:0
FNH:0
DA:1,0
LF:1
LH:0
BRF:0
BRH:0
end_of_record
TN:
SF:/Users/matt-wood/code/hoc-toolbox/src/components/Filter/index.js
FN:4,(anonymous_0)
FN:15,(anonymous_1)
FNF:2
FNH:2
FNDA:2,(anonymous_0)
FNDA:6,(anonymous_1)
DA:4,1
DA:5,2
DA:7,2
DA:8,0
DA:11,2
DA:12,0
DA:15,2
DA:16,6
DA:17,6
DA:26,2
DA:33,1
LF:11
LH:9
BRDA:7,0,0,0
BRDA:7,0,1,2
BRDA:11,1,0,0
BRDA:11,1,1,2
BRDA:11,2,0,2
BRDA:11,2,1,0
BRF:6
BRH:3
end_of_record
TN:
SF:/Users/matt-wood/code/hoc-toolbox/src/components/If/index.js
FN:4,(anonymous_0)
FNF:1
FNH:1
FNDA:3,(anonymous_0)
DA:4,1
DA:5,3
DA:6,3
DA:7,1
DA:10,3
DA:11,1
DA:18,2
DA:21,1
LF:8
LH:8
BRDA:6,0,0,1
BRDA:6,0,1,2
BRDA:10,1,0,1
BRDA:10,1,1,2
BRF:4
BRH:4
end_of_record
TN:
SF:/Users/matt-wood/code/hoc-toolbox/src/components/utils/DataTable.js
FNF:0
FNH:0
LF:0
LH:0
BRF:0
BRH:0
end_of_record
