TN:
SF:/Users/matt-wood/code/hoc-toolbox/src/components/Filter/index.js
FN:4,(anonymous_0)
FN:17,(anonymous_1)
FNF:2
FNH:2
FNDA:6,(anonymous_0)
FNDA:6,(anonymous_1)
DA:4,1
DA:5,6
DA:7,6
DA:8,2
DA:9,2
DA:12,4
DA:13,2
DA:14,2
DA:17,2
DA:18,6
DA:19,6
DA:26,2
DA:33,1
LF:13
LH:13
BRDA:7,0,0,2
BRDA:7,0,1,4
BRDA:12,1,0,2
BRDA:12,1,1,2
BRDA:12,2,0,4
BRDA:12,2,1,2
BRF:6
BRH:6
end_of_record
TN:
SF:/Users/matt-wood/code/hoc-toolbox/src/components/If/index.js
FN:4,(anonymous_0)
FNF:1
FNH:1
FNDA:3,(anonymous_0)
DA:4,1
DA:5,3
DA:6,3
DA:7,1
DA:10,3
DA:11,1
DA:18,2
DA:21,1
LF:8
LH:8
BRDA:6,0,0,1
BRDA:6,0,1,2
BRDA:10,1,0,1
BRDA:10,1,1,2
BRF:4
BRH:4
end_of_record
